0 info it worked if it ends with ok
1 verbose cli [ 'c:\\Program Files\\nodejs\\node.exe',
1 verbose cli   'c:\\Program Files\\nodejs\\node_modules\\npm\\bin\\npm-cli.js',
1 verbose cli   'publish',
1 verbose cli   'generator-framework',
1 verbose cli   '--access',
1 verbose cli   'public' ]
2 info using npm@2.10.1
3 info using node@v0.12.4
4 verbose publish [ 'generator-framework' ]
5 silly cache add args [ 'generator-framework', null ]
6 verbose cache add spec generator-framework
7 silly cache add parsed spec { raw: 'generator-framework',
7 silly cache add   scope: null,
7 silly cache add   name: 'generator-framework',
7 silly cache add   rawSpec: '',
7 silly cache add   spec: '*',
7 silly cache add   type: 'range' }
8 silly addNamed generator-framework@*
9 verbose addNamed "*" is a valid semver range for generator-framework
10 silly addNameRange { name: 'generator-framework', range: '*', hasData: false }
11 silly mapToRegistry name generator-framework
12 silly mapToRegistry using default registry
13 silly mapToRegistry registry https://registry.npmjs.org/
14 silly mapToRegistry uri https://registry.npmjs.org/generator-framework
15 verbose addNameRange registry:https://registry.npmjs.org/generator-framework not in flight; fetching
16 verbose request uri https://registry.npmjs.org/generator-framework
17 verbose request no auth needed
18 info attempt registry request try #1 at 1:07:13 PM
19 verbose request using bearer token for auth
20 verbose request id 088b97ac98b69809
21 http request GET https://registry.npmjs.org/generator-framework
22 http 200 https://registry.npmjs.org/generator-framework
23 silly get cb [ 200,
23 silly get   { server: 'CouchDB/1.5.0 (Erlang OTP/R16B03)',
23 silly get     etag: '"6VHKKIDDWCN8X8KVMWRPCCD4K"',
23 silly get     'content-type': 'application/json',
23 silly get     'cache-control': 'max-age=60',
23 silly get     'content-length': '4490',
23 silly get     'accept-ranges': 'bytes',
23 silly get     date: 'Wed, 09 Sep 2015 04:07:11 GMT',
23 silly get     via: '1.1 varnish',
23 silly get     connection: 'keep-alive',
23 silly get     'x-served-by': 'cache-nrt6121-NRT',
23 silly get     'x-cache': 'MISS',
23 silly get     'x-cache-hits': '0',
23 silly get     'x-timer': 'S1441771630.905265,VS0,VE198',
23 silly get     vary: 'Accept' } ]
24 verbose get saving generator-framework to C:\Users\Blake\AppData\Roaming\npm-cache\registry.npmjs.org\generator-framework\.cache.json
25 silly addNameRange number 2 { name: 'generator-framework', range: '*', hasData: true }
26 silly addNameRange versions [ 'generator-framework', [ '0.0.1', '0.0.2' ] ]
27 silly addNamed generator-framework@0.0.2
28 verbose addNamed "0.0.2" is a plain semver version for generator-framework
29 silly mapToRegistry name generator-framework
30 silly mapToRegistry using default registry
31 silly mapToRegistry registry https://registry.npmjs.org/
32 silly mapToRegistry uri https://registry.npmjs.org/generator-framework
33 verbose addRemoteTarball https://registry.npmjs.org/generator-framework/-/generator-framework-0.0.2.tgz not in flight; adding
34 verbose addRemoteTarball [ 'https://registry.npmjs.org/generator-framework/-/generator-framework-0.0.2.tgz',
34 verbose addRemoteTarball   '24b4e89c665ad0b6f62f36bc6f3d679f42786769' ]
35 info retry fetch attempt 1 at 1:07:13 PM
36 info attempt registry request try #1 at 1:07:13 PM
37 http fetch GET https://registry.npmjs.org/generator-framework/-/generator-framework-0.0.2.tgz
38 verbose request using bearer token for auth
39 http fetch 200 https://registry.npmjs.org/generator-framework/-/generator-framework-0.0.2.tgz
40 silly fetchAndShaCheck shasum 24b4e89c665ad0b6f62f36bc6f3d679f42786769
41 verbose addTmpTarball C:\Users\Blake\AppData\Local\Temp\npm-5504-3861604d\registry.npmjs.org\generator-framework\-\generator-framework-0.0.2.tgz not in flight; adding
42 verbose addTmpTarball already have metadata; skipping unpack for generator-framework@0.0.2
43 silly cache afterAdd generator-framework@0.0.2
44 verbose afterAdd C:\Users\Blake\AppData\Roaming\npm-cache\generator-framework\0.0.2\package\package.json not in flight; writing
45 verbose afterAdd C:\Users\Blake\AppData\Roaming\npm-cache\generator-framework\0.0.2\package\package.json written
46 silly publish { name: 'generator-framework',
46 silly publish   version: '0.0.2',
46 silly publish   description: 'Soon to be a simple starting environment for creating front-end frameworks with the power of webpack.',
46 silly publish   files: [ 'app', 'component' ],
46 silly publish   keywords: [ 'yeoman-generator', 'webpack', 'framework', 'css', 'generator' ],
46 silly publish   author: { name: 'Blake Wood' },
46 silly publish   license: 'ISC',
46 silly publish   dependencies: { 'yeoman-generator': '^0.20.3' },
46 silly publish   devDependencies: {},
46 silly publish   repository:
46 silly publish    { type: 'git',
46 silly publish      url: 'git://github.com/blakeandrewwood/generator-framework.git' },
46 silly publish   gitHead: '937157bad5c4fa88936200927bfbfc145353e202',
46 silly publish   bugs: { url: 'https://github.com/blakeandrewwood/generator-framework/issues' },
46 silly publish   homepage: 'https://github.com/blakeandrewwood/generator-framework#readme',
46 silly publish   _id: 'generator-framework@0.0.2',
46 silly publish   scripts: {},
46 silly publish   _shasum: '24b4e89c665ad0b6f62f36bc6f3d679f42786769',
46 silly publish   _from: 'generator-framework@*',
46 silly publish   _resolved: 'https://registry.npmjs.org/generator-framework/-/generator-framework-0.0.2.tgz',
46 silly publish   _npmVersion: '2.10.1',
46 silly publish   _nodeVersion: '0.12.4',
46 silly publish   _npmUser: { name: 'blakeandrewwood', email: 'blakeandrewwood@gmail.com' },
46 silly publish   dist:
46 silly publish    { shasum: '24b4e89c665ad0b6f62f36bc6f3d679f42786769',
46 silly publish      tarball: 'http://registry.npmjs.org/generator-framework/-/generator-framework-0.0.2.tgz' },
46 silly publish   maintainers: [ { name: 'blakeandrewwood', email: 'blakeandrewwood@gmail.com' } ],
46 silly publish   directories: {} }
47 info prepublish generator-framework@0.0.2
48 verbose getPublishConfig undefined
49 silly mapToRegistry name generator-framework
50 silly mapToRegistry using default registry
51 silly mapToRegistry registry https://registry.npmjs.org/
52 silly mapToRegistry uri https://registry.npmjs.org/generator-framework
53 verbose publish registryBase https://registry.npmjs.org/
54 silly publish uploading C:\Users\Blake\AppData\Roaming\npm-cache\generator-framework\0.0.2\package.tgz
55 verbose request uri https://registry.npmjs.org/generator-framework
56 verbose request sending authorization for write operation
57 info attempt registry request try #1 at 1:07:14 PM
58 verbose request using bearer token for auth
59 http request PUT https://registry.npmjs.org/generator-framework
60 http 403 https://registry.npmjs.org/generator-framework
61 verbose headers { 'content-type': 'application/json',
61 verbose headers   'cache-control': 'max-age=60',
61 verbose headers   'content-length': '95',
61 verbose headers   'accept-ranges': 'bytes',
61 verbose headers   date: 'Wed, 09 Sep 2015 04:07:12 GMT',
61 verbose headers   via: '1.1 varnish',
61 verbose headers   connection: 'keep-alive',
61 verbose headers   'x-served-by': 'cache-nrt6126-NRT',
61 verbose headers   'x-cache': 'MISS',
61 verbose headers   'x-cache-hits': '0',
61 verbose headers   'x-timer': 'S1441771631.842231,VS0,VE482' }
62 verbose request invalidating C:\Users\Blake\AppData\Roaming\npm-cache\registry.npmjs.org\generator-framework on PUT
63 error publish Failed PUT 403
64 verbose stack Error: "You cannot publish over the previously published version 0.0.2." : generator-framework
64 verbose stack     at CachingRegistryClient.<anonymous> (c:\Program Files\nodejs\node_modules\npm\node_modules\npm-registry-client\lib\request.js:247:14)
64 verbose stack     at Request._callback (c:\Program Files\nodejs\node_modules\npm\node_modules\npm-registry-client\lib\request.js:170:14)
64 verbose stack     at Request.self.callback (c:\Program Files\nodejs\node_modules\npm\node_modules\request\request.js:368:22)
64 verbose stack     at Request.emit (events.js:110:17)
64 verbose stack     at Request.<anonymous> (c:\Program Files\nodejs\node_modules\npm\node_modules\request\request.js:1219:14)
64 verbose stack     at Request.emit (events.js:129:20)
64 verbose stack     at IncomingMessage.<anonymous> (c:\Program Files\nodejs\node_modules\npm\node_modules\request\request.js:1167:12)
64 verbose stack     at IncomingMessage.emit (events.js:129:20)
64 verbose stack     at _stream_readable.js:908:16
64 verbose stack     at process._tickCallback (node.js:355:11)
65 verbose statusCode 403
66 verbose pkgid generator-framework
67 verbose cwd c:\Users\Blake\Development\www\generator-framework
68 error Windows_NT 6.3.9600
69 error argv "c:\\Program Files\\nodejs\\node.exe" "c:\\Program Files\\nodejs\\node_modules\\npm\\bin\\npm-cli.js" "publish" "generator-framework" "--access" "public"
70 error node v0.12.4
71 error npm  v2.10.1
72 error code E403
73 error "You cannot publish over the previously published version 0.0.2." : generator-framework
74 error If you need help, you may report this error at:
74 error     <https://github.com/npm/npm/issues>
75 verbose exit [ 1, true ]
